2026-04-08 17:51:02 +0000 [MT] Initial pipeline context: <IDEDistributionProcessingPipelineContext: 0xa01c69500; archive(resolved)="<IDEArchive: 0xa017cb3a0>", distributionTask(resolved)="2", distributionDestination(resolved)="1", distributionMethod(resolved)="<IDEDistributionMethodDeveloperID: 0xa01d1c000>", team(resolved)="<IDEProvisioningBasicTeam: 0x9ffb28ae0; teamID='5Q9K7U8YKX', teamName='(null)'>">
	Chain (12, self inclusive):
	<IDEDistributionProcessingPipelineContext: 0xa01c69500; archive = "<IDEArchive: 0xa017cb3a0>", distributionMethod="<IDEDistributionMethodDeveloperID: 0xa01d1c000>", team="<IDEProvisioningBasicTeam: 0x9ffb28ae0; teamID='5Q9K7U8YKX', teamName='(null)'>">
	<IDEDistributionProcessingPipelineContext: 0xa01c69800; archive = "<IDEArchive: 0xa017cb3a0>", distributionMethod="<IDEDistributionMethodDeveloperID: 0xa01d1c000>", team="<IDEProvisioningBasicTeam: 0x9ffb28ae0; teamID='5Q9K7U8YKX', teamName='(null)'>">
	<IDEDistributionContext: 0x9fface080; archive = "<IDEArchive: 0xa017cb3a0>", distributionMethod="<IDEDistributionMethodDeveloperID: 0xa01d1c000>", team="<IDEProvisioningBasicTeam: 0x9ffb28ae0; teamID='5Q9K7U8YKX', teamName='(null)'>">
	<IDEDistributionContext: 0x9ffacde00; archive = "<IDEArchive: 0xa017cb3a0>", distributionMethod="<IDEDistributionMethodDeveloperID: 0xa01d1c000>", team="<IDEProvisioningBasicTeam: 0x9ffb28ae0; teamID='5Q9K7U8YKX', teamName='(null)'>">
	<IDEDistributionContext: 0x9ffacdb80; archive = "<IDEArchive: 0xa017cb3a0>", distributionMethod="<IDEDistributionMethodDeveloperID: 0xa01d1c000>", team="<IDEProvisioningBasicTeam: 0x9ffb28ae0; teamID='5Q9K7U8YKX', teamName='(null)'>">
	<IDEDistributionContext: 0x9ffacd900; archive = "<IDEArchive: 0xa017cb3a0>", distributionMethod="<IDEDistributionMethodDeveloperID: 0xa01d1c000>", team="<IDEProvisioningBasicTeam: 0x9ffb28ae0; teamID='5Q9K7U8YKX', teamName='(null)'>">
	<IDEDistributionContext: 0x9ffacca00; archive = "<IDEArchive: 0xa017cb3a0>", distributionMethod="<IDEDistributionMethodDeveloperID: 0xa01d1c000>", team="<IDEProvisioningBasicTeam: 0x9ffb28ae0; teamID='5Q9K7U8YKX', teamName='(null)'>">
	<IDEDistributionContext: 0x9ffacc780; archive = "<IDEArchive: 0xa017cb3a0>", distributionMethod="<IDEDistributionMethodDeveloperID: 0xa01d1c000>", team="<IDEProvisioningBasicTeam: 0x9ffb28ae0; teamID='5Q9K7U8YKX', teamName='(null)'>">
	<IDEDistributionContext: 0x9ffacc500; archive = "<IDEArchive: 0xa017cb3a0>", distributionMethod="<IDEDistributionMethodDeveloperID: 0xa01d1c000>", team="<IDEProvisioningBasicTeam: 0x9ffb28ae0; teamID='5Q9K7U8YKX', teamName='(null)'>">
	<IDEDistributionContext: 0x9ffacc280; archive = "<IDEArchive: 0xa017cb3a0>", distributionMethod="<IDEDistributionMethodDeveloperID: 0xa01d1c000>", team="(null)">
	<IDEDistributionContext: 0x9ffacc000; archive = "<IDEArchive: 0xa017cb3a0>", distributionMethod="<IDEDistributionMethodDeveloperID: 0xa01d1c000>", team="(null)">
	<IDEDistributionContext: 0x1052b2670; archive = "<IDEArchive: 0xa017cb3a0>", distributionMethod="(null)", team="(null)">
</IDEDistributionProcessingPipelineContext: 0xa01c69500>
2026-04-08 17:51:02 +0000 [MT] Processing step: IDEDistributionCreateDestRootStep
2026-04-08 17:51:02 +0000 [MT] Processing step: IDEDistributionCopyItemStep
2026-04-08 17:51:02 +0000 [MT] Running /usr/bin/ditto '-V' '/Users/kevinbuchholz/Documents/XCODE/KeyboardCleaner/build/MAL.xcarchive/Products/Applications/MAL.app' '/var/folders/g_/mv6nnpw15q711pxm4d_29mq00000gp/T/XcodeDistPipeline.~~~JNJHAT/Root/Applications/MAL.app'
2026-04-08 17:51:02 +0000  >>> Copying /Users/kevinbuchholz/Documents/XCODE/KeyboardCleaner/build/MAL.xcarchive/Products/Applications/MAL.app 
2026-04-08 17:51:02 +0000  copying file ./Contents/_CodeSignature/CodeResources ... 
2026-04-08 17:51:02 +0000  2672 bytes for ./Contents/_CodeSignature/CodeResources
2026-04-08 17:51:02 +0000  copying file ./Contents/MacOS/MAL ... 
2026-04-08 17:51:02 +0000  250256 bytes for ./Contents/MacOS/MAL
2026-04-08 17:51:02 +0000  copying file ./Contents/Resources/AppIcon.icns ... 
2026-04-08 17:51:02 +0000  20215 bytes for ./Contents/Resources/AppIcon.icns
2026-04-08 17:51:02 +0000  copying file ./Contents/Resources/Assets.car ... 
2026-04-08 17:51:02 +0000  117128 bytes for ./Contents/Resources/Assets.car
2026-04-08 17:51:02 +0000  copying file ./Contents/Info.plist ... 
2026-04-08 17:51:02 +0000  1341 bytes for ./Contents/Info.plist
2026-04-08 17:51:02 +0000  copying file ./Contents/PkgInfo ... 
2026-04-08 17:51:02 +0000  8 bytes for ./Contents/PkgInfo
2026-04-08 17:51:02 +0000 [MT] /usr/bin/ditto exited with 0
2026-04-08 17:51:02 +0000 [MT] Processing step: IDEDistributionEmbedProfileStep
2026-04-08 17:51:02 +0000 [MT] Skipping profile for item: <IDEDistributionItem: 0xa01c36100; bundleID='com.kevinbuchholz.MAL', path='<DVTFilePath:0xa01c345a0:'/Users/kevinbuchholz/Documents/XCODE/KeyboardCleaner/build/MAL.xcarchive/Products/Applications/MAL.app'>', codeSigningInfo='<_DVTCodeSigningInformation_Path: 0xa01c360a0; isSigned='1', isAdHocSigned='0', signingCertificate='<DVTSigningCertificate: 0x9ff93aa00; name='Apple Development: Kevin Buchholz (346HW2Z3H9)', hash='E228267257C81C9564C3572DC232023850B53052', serialNumber='5675987255815FF282CABDFC3CAD36B5', certificateKinds='(
    "1.2.840.113635.100.6.1.12",
    "1.2.840.113635.100.6.1.2"
), issueDate='2025-09-22 13:55:41 +0000''>', entitlements='{
    "com.apple.security.app-sandbox" = 0;
}', teamID='5Q9K7U8YKX', identifier='com.kevinbuchholz.MAL', executablePath='<DVTFilePath:0xa01c34060:'/Users/kevinbuchholz/Documents/XCODE/KeyboardCleaner/build/MAL.xcarchive/Products/Applications/MAL.app/Contents/MacOS/MAL'>', hardenedRuntime='1'>'>
2026-04-08 17:51:02 +0000 [MT] Processing step: IDEDistributionInfoPlistStep
2026-04-08 17:51:02 +0000 [MT] Skipping step: IDEDistributionInfoPlistStep because it said so
2026-04-08 17:51:02 +0000 [MT] Processing step: IDEDistributionAppThinningPlistStep
2026-04-08 17:51:02 +0000 [MT] Processing step: IDEDistributionSymbolsStep
2026-04-08 17:51:02 +0000 [MT] Skipping step: IDEDistributionSymbolsStep because it said so
2026-04-08 17:51:02 +0000 [MT] Processing step: IDEDistributionAppThinningStep
2026-04-08 17:51:02 +0000 [MT] Skipping step: IDEDistributionAppThinningStep because it said so
2026-04-08 17:51:02 +0000 [MT] Processing step: IDEDistributionArchThinningStep
2026-04-08 17:51:02 +0000 [MT] Archs to thin for item /Users/kevinbuchholz/Documents/XCODE/KeyboardCleaner/build/MAL.xcarchive/Products/Applications/MAL.app are []
2026-04-08 17:51:02 +0000 [MT] Processing step: IDEDistributionODRStep
2026-04-08 17:51:02 +0000 [MT] Processing step: IDEDistributionStripXattrsStep
2026-04-08 17:51:02 +0000 [MT] Skipping stripping extended attributes because the codesign step will strip them.
2026-04-08 17:51:02 +0000 [MT] Processing step: IDEDistributionCodesignStep
2026-04-08 17:51:02 +0000 [MT] Entitlements for <IDEDistributionItem: 0xa01c36100; bundleID='com.kevinbuchholz.MAL', path='<DVTFilePath:0xa01c345a0:'/Users/kevinbuchholz/Documents/XCODE/KeyboardCleaner/build/MAL.xcarchive/Products/Applications/MAL.app'>', codeSigningInfo='<_DVTCodeSigningInformation_Path: 0xa01c360a0; isSigned='1', isAdHocSigned='0', signingCertificate='<DVTSigningCertificate: 0x9ff93aa00; name='Apple Development: Kevin Buchholz (346HW2Z3H9)', hash='E228267257C81C9564C3572DC232023850B53052', serialNumber='5675987255815FF282CABDFC3CAD36B5', certificateKinds='(
    "1.2.840.113635.100.6.1.12",
    "1.2.840.113635.100.6.1.2"
), issueDate='2025-09-22 13:55:41 +0000''>', entitlements='{
    "com.apple.security.app-sandbox" = 0;
}', teamID='5Q9K7U8YKX', identifier='com.kevinbuchholz.MAL', executablePath='<DVTFilePath:0xa01c34060:'/Users/kevinbuchholz/Documents/XCODE/KeyboardCleaner/build/MAL.xcarchive/Products/Applications/MAL.app/Contents/MacOS/MAL'>', hardenedRuntime='1'>'>: {
    "com.apple.security.app-sandbox" = 0;
}
2026-04-08 17:51:02 +0000 [MT] Associated App Clip Identifiers Filter: Skipping because "com.apple.developer.associated-appclip-app-identifiers" is not present
2026-04-08 17:51:02 +0000 [MT] Entitlements for <IDEDistributionItem: 0xa01c36100; bundleID='com.kevinbuchholz.MAL', path='<DVTFilePath:0xa01c345a0:'/Users/kevinbuchholz/Documents/XCODE/KeyboardCleaner/build/MAL.xcarchive/Products/Applications/MAL.app'>', codeSigningInfo='<_DVTCodeSigningInformation_Path: 0xa01c360a0; isSigned='1', isAdHocSigned='0', signingCertificate='<DVTSigningCertificate: 0x9ff93a7c0; name='Apple Development: Kevin Buchholz (346HW2Z3H9)', hash='E228267257C81C9564C3572DC232023850B53052', serialNumber='5675987255815FF282CABDFC3CAD36B5', certificateKinds='(
    "1.2.840.113635.100.6.1.12",
    "1.2.840.113635.100.6.1.2"
), issueDate='2025-09-22 13:55:41 +0000''>', entitlements='{
    "com.apple.security.app-sandbox" = 0;
}', teamID='5Q9K7U8YKX', identifier='com.kevinbuchholz.MAL', executablePath='<DVTFilePath:0xa01c34060:'/Users/kevinbuchholz/Documents/XCODE/KeyboardCleaner/build/MAL.xcarchive/Products/Applications/MAL.app/Contents/MacOS/MAL'>', hardenedRuntime='1'>'> are: {
    "com.apple.security.app-sandbox" = 0;
}
2026-04-08 17:51:02 +0000 [MT] Writing entitlements for <IDEDistributionItem: 0xa01c36100; bundleID='com.kevinbuchholz.MAL', path='<DVTFilePath:0xa01c345a0:'/Users/kevinbuchholz/Documents/XCODE/KeyboardCleaner/build/MAL.xcarchive/Products/Applications/MAL.app'>', codeSigningInfo='<_DVTCodeSigningInformation_Path: 0xa01c360a0; isSigned='1', isAdHocSigned='0', signingCertificate='<DVTSigningCertificate: 0x9ff93a7c0; name='Apple Development: Kevin Buchholz (346HW2Z3H9)', hash='E228267257C81C9564C3572DC232023850B53052', serialNumber='5675987255815FF282CABDFC3CAD36B5', certificateKinds='(
    "1.2.840.113635.100.6.1.12",
    "1.2.840.113635.100.6.1.2"
), issueDate='2025-09-22 13:55:41 +0000''>', entitlements='{
    "com.apple.security.app-sandbox" = 0;
}', teamID='5Q9K7U8YKX', identifier='com.kevinbuchholz.MAL', executablePath='<DVTFilePath:0xa01c34060:'/Users/kevinbuchholz/Documents/XCODE/KeyboardCleaner/build/MAL.xcarchive/Products/Applications/MAL.app/Contents/MacOS/MAL'>', hardenedRuntime='1'>'> to: /var/folders/g_/mv6nnpw15q711pxm4d_29mq00000gp/T/XcodeDistPipeline.~~~JNJHAT/entitlements~~~FGsTS9
2026-04-08 17:51:02 +0000 [MT] invoking codesign: <NSConcreteTask: 0x9ff63eb70; launchPath='/usr/bin/codesign', arguments='(
    "-f",
    "-s",
    B8C5751C14E736AB0C175280198968FC216AA47E,
    "--entitlements",
    "/var/folders/g_/mv6nnpw15q711pxm4d_29mq00000gp/T/XcodeDistPipeline.~~~JNJHAT/entitlements~~~FGsTS9",
    "--requirements",
    "=designated => anchor apple generic  and identifier \"$self.identifier\" and ((cert leaf[field.1.2.840.113635.100.6.1.9] exists) or ( certificate 1[field.1.2.840.113635.100.6.2.6] exists and certificate leaf[field.1.2.840.113635.100.6.1.13] exists  and certificate leaf[subject.OU] = \"5Q9K7U8YKX\" ))",
    "--preserve-metadata=identifier,flags,runtime,launch-constraints,library-constraints",
    "--generate-entitlement-der",
    "--strip-disallowed-xattrs",
    "-vvv",
    "/var/folders/g_/mv6nnpw15q711pxm4d_29mq00000gp/T/XcodeDistPipeline.~~~JNJHAT/Root/Applications/MAL.app"
)'>
2026-04-08 17:51:02 +0000 [MT] codesign output: /var/folders/g_/mv6nnpw15q711pxm4d_29mq00000gp/T/XcodeDistPipeline.~~~JNJHAT/Root/Applications/MAL.app: replacing existing signature
/var/folders/g_/mv6nnpw15q711pxm4d_29mq00000gp/T/XcodeDistPipeline.~~~JNJHAT/Root/Applications/MAL.app: signed bundle with Mach-O universal (x86_64 arm64) [com.kevinbuchholz.MAL]
2026-04-08 17:51:02 +0000 [MT] Processing step: IDEDistributionZipODRItemStep
2026-04-08 17:51:02 +0000 [MT] Skipping step: IDEDistributionZipODRItemStep because it said so
2026-04-08 17:51:02 +0000 [MT] Processing step: IDEDistributionSkipPackagingStep
2026-04-08 17:51:02 +0000 [MT] Processing step: IDEDistributionAppStoreInformationStep
2026-04-08 17:51:02 +0000 [MT] Skipping step: IDEDistributionAppStoreInformationStep because it said so
2026-04-08 17:51:02 +0000 [MT] Processing step: IDEDistributionGenerateProcessedDistributionItems
2026-04-08 17:51:02 +0000 [MT] IDEDistributionItem init <DVTFilePath:0xa01ddb360:'/var/folders/g_/mv6nnpw15q711pxm4d_29mq00000gp/T/XcodeDistPipeline.~~~JNJHAT/Root/Applications/MAL.app'>
2026-04-08 17:51:02 +0000 [MT] [OPTIONAL] Didn't find embedded provisioning profile for <DVTFilePath:0xa01ddb360:'/var/folders/g_/mv6nnpw15q711pxm4d_29mq00000gp/T/XcodeDistPipeline.~~~JNJHAT/Root/Applications/MAL.app'>: Error Domain=NSCocoaErrorDomain Code=4 "No file at <DVTFilePath:0xa01f4a8b0:'/var/folders/g_/mv6nnpw15q711pxm4d_29mq00000gp/T/XcodeDistPipeline.~~~JNJHAT/Root/Applications/MAL.app/Contents/embedded.provisionprofile'>" UserInfo={NSLocalizedDescription=No file at <DVTFilePath:0xa01f4a8b0:'/var/folders/g_/mv6nnpw15q711pxm4d_29mq00000gp/T/XcodeDistPipeline.~~~JNJHAT/Root/Applications/MAL.app/Contents/embedded.provisionprofile'>}
2026-04-08 17:51:02 +0000 [MT] Processing step: IDEDistributionCreateManifestStep
2026-04-08 17:51:02 +0000 [MT] Skipping step: IDEDistributionCreateManifestStep because it said so
